hrtr->dimension
785

hrtr->size
60000

hr->size
938

>>> applicationer
>>> searcher 
<<< searcher 0.0657028s
>>> transer 
fud: 1
fud slice size: 938
sized entropy label : 2129.36
sized conditional entropy: 1765.59
sized entropy decrease: 363.767
entropy variable: <<<0,404>,1>,27>
<<< transer 0.00142163s
>>> slicer 
slice size: 484
slice variable: <<<1,1>,s>,1>
<<< slicer 0.000114716s
>>> searcher 
<<< searcher 0.127993s
>>> transer 
fud: 2
fud slice size: 484
sized entropy label : 962.871
sized conditional entropy: 769.276
sized entropy decrease: 193.596
entropy variable: <<<0,548>,1>,25>
fud slice cardinality: 3
<<< transer 0.000327981s
>>> slicer 
slice size: 292
slice variable: <<<1,1>,s>,2>
<<< slicer 7.5836e-05s
>>> searcher 
<<< searcher 0.107771s
>>> transer 
fud: 3
fud slice size: 292
sized entropy label : 526.214
sized conditional entropy: 394.633
sized entropy decrease: 131.581
entropy variable: <<<0,247>,1>,7>
fud slice cardinality: 3
<<< transer 0.000112021s
>>> slicer 
slice size: 183
slice variable: <<<1,2>,s>,1>
<<< slicer 6.4288e-05s
>>> searcher 
<<< searcher 0.0817788s
>>> transer 
fud: 4
fud slice size: 183
sized entropy label : 277.201
sized conditional entropy: 189.682
sized entropy decrease: 87.5185
entropy variable: <<<0,876>,1>,17>
fud slice cardinality: 3
<<< transer 0.000223658s
>>> slicer 
slice size: 162
slice variable: <<<1,1>,s>,3>
<<< slicer 0.000100858s
>>> searcher 
<<< searcher 0.0769165s
>>> transer 
fud: 5
fud slice size: 162
sized entropy label : 276.503
sized conditional entropy: 193.725
sized entropy decrease: 82.7781
entropy variable: <<<0,22>,1>,19>
fud slice cardinality: 4
<<< transer 0.000113946s
>>> slicer 
slice size: 145
slice variable: <<<1,2>,s>,3>
<<< slicer 7.4681e-05s
>>> searcher 
<<< searcher 0.0693979s
>>> transer 
fud: 6
fud slice size: 145
sized entropy label : 251.626
sized conditional entropy: 182.946
sized entropy decrease: 68.6802
entropy variable: <<<0,847>,1>,3>
fud slice cardinality: 3
<<< transer 0.000172074s
>>> slicer 
slice size: 156
slice variable: <<<1,2>,s>,2>
<<< slicer 0.000103553s
>>> searcher 
<<< searcher 0.0778438s
>>> transer 
fud: 7
fud slice size: 156
sized entropy label : 240.449
sized conditional entropy: 172.447
sized entropy decrease: 68.0016
entropy variable: <<<0,278>,1>,40>
fud slice cardinality: 4
<<< transer 0.000115486s
>>> slicer 
slice size: 134
slice variable: <<<1,3>,s>,2>
<<< slicer 8.469e-05s
>>> searcher 
<<< searcher 0.0648797s
>>> transer 
fud: 8
fud slice size: 134
sized entropy label : 217.639
sized conditional entropy: 159.246
sized entropy decrease: 58.3931
entropy variable: <<<0,346>,2>,18>
fud slice cardinality: 2
<<< transer 0.000107017s
>>> slicer 
slice size: 120
slice variable: <<<1,3>,s>,1>
<<< slicer 8.6615e-05s
>>> searcher 
<<< searcher 0.0611665s
>>> transer 
fud: 9
fud slice size: 120
sized entropy label : 135.338
sized conditional entropy: 78.9514
sized entropy decrease: 56.3861
entropy variable: <<<0,726>,1>,3>
fud slice cardinality: 3
<<< transer 0.000101627s
>>> slicer 
slice size: 84
slice variable: <<<1,5>,s>,1>
<<< slicer 0.000100088s
>>> searcher 
<<< searcher 0.060241s
>>> transer 
fud: 10
fud slice size: 84
sized entropy label : 108.12
sized conditional entropy: 60.9419
sized entropy decrease: 47.1783
entropy variable: <<<0,142>,1>,19>
fud slice cardinality: 3
<<< transer 0.000148592s
>>> slicer 
slice size: 81
slice variable: <<<1,8>,s>,2>
<<< slicer 0.00012511s
>>> searcher 
<<< searcher 0.0579891s
>>> transer 
fud: 11
fud slice size: 81
sized entropy label : 100.731
sized conditional entropy: 52.8141
sized entropy decrease: 47.9172
entropy variable: <<<0,69>,1>,15>
fud slice cardinality: 3
<<< transer 0.000141278s
>>> slicer 
slice size: 57
slice variable: <<<1,6>,s>,1>
<<< slicer 0.000131654s
>>> searcher 
<<< searcher 0.0522074s
>>> transer 
fud: 12
fud slice size: 57
sized entropy label : 82.8599
sized conditional entropy: 51.3116
sized entropy decrease: 31.5483
entropy variable: <<<0,278>,1>,40>
fud slice cardinality: 4
<<< transer 0.000217884s
>>> slicer 
slice size: 70
slice variable: <<<1,4>,s>,1>
<<< slicer 0.000107787s
>>> searcher 
<<< searcher 0.0478155s
>>> transer 
fud: 13
fud slice size: 70
sized entropy label : 80.74
sized conditional entropy: 40.5808
sized entropy decrease: 40.1593
entropy variable: <<<0,205>,1>,12>
fud slice cardinality: 4
<<< transer 0.000106633s
>>> slicer 
slice size: 47
slice variable: <<<1,6>,s>,3>
<<< slicer 0.000112792s
>>> searcher 
<<< searcher 0.0497468s
>>> transer 
fud: 14
fud slice size: 47
sized entropy label : 72.5797
sized conditional entropy: 47.682
sized entropy decrease: 24.8977
entropy variable: <<<0,1>,1>,12>
fud slice cardinality: 3
<<< transer 0.000109327s
>>> slicer 
slice size: 46
slice variable: <<<1,4>,s>,3>
<<< slicer 0.000122031s
>>> searcher 
<<< searcher 0.0424023s
>>> transer 
fud: 15
fud slice size: 46
sized entropy label : 68.751
sized conditional entropy: 36.9147
sized entropy decrease: 31.8362
entropy variable: <<<0,503>,2>,17>
fud slice cardinality: 3
<<< transer 0.000109712s
>>> slicer 
slice size: 53
slice variable: <<<1,8>,s>,1>
<<< slicer 0.000120876s
>>> searcher 
<<< searcher 0.0439325s
>>> transer 
fud: 16
fud slice size: 53
sized entropy label : 58.5143
sized conditional entropy: 31.1024
sized entropy decrease: 27.4119
entropy variable: <<<0,938>,2>,19>
fud slice cardinality: 3
<<< transer 0.000107787s
>>> slicer 
slice size: 41
slice variable: <<<1,7>,s>,4>
<<< slicer 0.000126265s
>>> searcher 
<<< searcher 0.0410896s
>>> transer 
fud: 17
fud slice size: 41
sized entropy label : 56.5837
sized conditional entropy: 24.9108
sized entropy decrease: 31.6729
entropy variable: <<<0,2>,1>,32>
fud slice cardinality: 4
<<< transer 0.000105863s
>>> slicer 
slice size: 36
slice variable: <<<1,5>,s>,3>
<<< slicer 0.000135889s
>>> searcher 
<<< searcher 0.039405s
>>> transer 
fud: 18
fud slice size: 36
sized entropy label : 49.4044
sized conditional entropy: 26.4518
sized entropy decrease: 22.9526
entropy variable: <<<0,468>,1>,22>
fud slice cardinality: 3
<<< transer 0.000107787s
>>> slicer 
slice size: 39
slice variable: <<<1,7>,s>,1>
<<< slicer 0.000134734s
>>> searcher 
<<< searcher 0.0403697s
>>> transer 
fud: 19
fud slice size: 39
sized entropy label : 44.3089
sized conditional entropy: 22.8714
sized entropy decrease: 21.4375
entropy variable: <<<0,406>,1>,13>
fud slice cardinality: 3
<<< transer 0.000113176s
>>> slicer 
slice size: 38
slice variable: <<<1,3>,s>,3>
<<< slicer 0.000138583s
>>> searcher 
<<< searcher 0.040163s
>>> transer 
fud: 20
fud slice size: 38
sized entropy label : 41.657
sized conditional entropy: 19.0002
sized entropy decrease: 22.6568
entropy variable: <<<0,464>,1>,6>
fud slice cardinality: 3
<<< transer 0.000109327s
>>> slicer 
slice size: 67
slice variable: <<<1,4>,s>,2>
<<< slicer 0.000143203s
>>> searcher 
<<< searcher 0.0552848s
>>> transer 
fud: 21
fud slice size: 67
sized entropy label : 40.1912
sized conditional entropy: 13.0025
sized entropy decrease: 27.1887
entropy variable: <<<0,2>,1>,32>
fud slice cardinality: 4
<<< transer 0.000138583s
>>> slicer 
slice size: 33
slice variable: <<<1,10>,s>,2>
<<< slicer 0.000193631s
>>> searcher 
<<< searcher 0.0450712s
>>> transer 
fud: 22
fud slice size: 33
sized entropy label : 39.3072
sized conditional entropy: 19.559
sized entropy decrease: 19.7481
entropy variable: <<<0,364>,1>,11>
fud slice cardinality: 3
<<< transer 0.000108172s
>>> slicer 
slice size: 42
slice variable: <<<1,7>,s>,2>
<<< slicer 0.000153596s
>>> searcher 
<<< searcher 0.0404352s
>>> transer 
fud: 23
fud slice size: 42
sized entropy label : 36.5016
sized conditional entropy: 16.8156
sized entropy decrease: 19.686
entropy variable: <<<0,406>,1>,13>
fud slice cardinality: 3
<<< transer 0.000111252s
>>> slicer 
slice size: 77
slice variable: <<<1,9>,s>,1>
<<< slicer 0.000246755s
>>> searcher 
<<< searcher 0.0577827s
>>> transer 
fud: 24
fud slice size: 77
sized entropy label : 35.5556
sized conditional entropy: 13.4845
sized entropy decrease: 22.0711
entropy variable: <<<0,278>,1>,40>
fud slice cardinality: 4
<<< transer 0.000135503s
>>> slicer 
slice size: 34
slice variable: <<<1,7>,s>,3>
<<< slicer 0.000204795s
>>> searcher 
<<< searcher 0.0504821s
>>> transer 
fud: 25
fud slice size: 34
sized entropy label : 35.0528
sized conditional entropy: 14.8852
sized entropy decrease: 20.1676
entropy variable: <<<0,256>,1>,6>
fud slice cardinality: 3
<<< transer 0.000137044s
>>> slicer 
slice size: 27
slice variable: <<<1,9>,s>,3>
<<< slicer 0.000218653s
>>> searcher 
<<< searcher 0.0406758s
>>> transer 
fud: 26
fud slice size: 27
sized entropy label : 27.6742
sized conditional entropy: 11.3465
sized entropy decrease: 16.3276
entropy variable: <<<0,723>,1>,31>
fud slice cardinality: 3
<<< transer 0.000109327s
>>> slicer 
slice size: 41
slice variable: <<<1,6>,s>,2>
<<< slicer 0.000171304s
>>> searcher 
<<< searcher 0.0398793s
>>> transer 
fud: 27
fud slice size: 41
sized entropy label : 27.5064
sized conditional entropy: 9.35184
sized entropy decrease: 18.1546
entropy variable: <<<0,19>,1>,19>
fud slice cardinality: 3
<<< transer 0.000140893s
>>> slicer 
slice size: 23
slice variable: <<<1,14>,s>,1>
<<< slicer 0.000229817s
>>> searcher 
<<< searcher 0.04547s
>>> transer 
fud: 28
fud slice size: 23
sized entropy label : 26.1388
sized conditional entropy: 12.1938
sized entropy decrease: 13.945
entropy variable: <<<0,102>,2>,11>
fud slice cardinality: 3
<<< transer 0.000102013s
>>> slicer 
slice size: 41
slice variable: <<<1,11>,s>,2>
<<< slicer 0.000179004s
>>> searcher 
<<< searcher 0.0404113s
>>> transer 
fud: 29
fud slice size: 41
sized entropy label : 24.0099
sized conditional entropy: 9.73483
sized entropy decrease: 14.2751
entropy variable: <<<0,70>,1>,30>
fud slice cardinality: 3
<<< transer 0.000108557s
>>> slicer 
slice size: 28
slice variable: <<<1,5>,s>,4>
<<< slicer 0.000182083s
>>> searcher 
<<< searcher 0.0363346s
>>> transer 
fud: 30
fud slice size: 28
sized entropy label : 23.0692
sized conditional entropy: 8.0684
sized entropy decrease: 15.0008
entropy variable: <<<0,290>,1>,20>
fud slice cardinality: 3
<<< transer 0.000109711s
>>> slicer 
slice size: 37
slice variable: <<<1,13>,s>,1>
<<< slicer 0.000202485s
>>> searcher 
<<< searcher 0.0397284s
>>> transer 
fud: 31
fud slice size: 37
sized entropy label : 22.1875
sized conditional entropy: 10.2744
sized entropy decrease: 11.9131
entropy variable: <<<0,847>,1>,22>
fud slice cardinality: 3
<<< transer 0.000117796s
>>> slicer 
slice size: 23
slice variable: <<<1,18>,s>,2>
<<< slicer 0.000189013s
>>> searcher 
<<< searcher 0.0396056s
>>> transer 
fud: 32
fud slice size: 23
sized entropy label : 19.4307
sized conditional entropy: 8.67931
sized entropy decrease: 10.7514
entropy variable: <<<0,22>,1>,3>
fud slice cardinality: 3
<<< transer 0.000111636s
>>> slicer 
slice size: 30
slice variable: <<<1,11>,s>,1>
<<< slicer 0.000195171s
>>> searcher 
<<< searcher 0.0403004s
>>> transer 
fud: 33
fud slice size: 30
sized entropy label : 19.1804
sized conditional entropy: 8.93063
sized entropy decrease: 10.2497
entropy variable: <<<0,537>,1>,23>
fud slice cardinality: 3
<<< transer 0.000144357s
>>> slicer 
slice size: 14
slice variable: <<<1,15>,s>,1>
<<< slicer 0.000260999s
>>> searcher 
<<< searcher 0.0342405s
>>> transer 
fud: 34
fud slice size: 14
sized entropy label : 17.4488
sized conditional entropy: 6.29157
sized entropy decrease: 11.1573
entropy variable: <<<0,278>,1>,40>
fud slice cardinality: 4
<<< transer 0.000114716s
>>> slicer 
slice size: 16
slice variable: <<<1,9>,s>,2>
<<< slicer 0.000212495s
>>> searcher 
<<< searcher 0.0401395s
>>> transer 
fud: 35
fud slice size: 16
sized entropy label : 15.7216
sized conditional entropy: 4.02535
sized entropy decrease: 11.6962
entropy variable: <<<0,208>,1>,32>
fud slice cardinality: 3
<<< transer 0.000162065s
>>> slicer 
slice size: 18
slice variable: <<<1,12>,s>,1>
<<< slicer 0.000280246s
>>> searcher 
<<< searcher 0.0387764s
>>> transer 
fud: 36
fud slice size: 18
sized entropy label : 15.7151
sized conditional entropy: 3.17805
sized entropy decrease: 12.537
entropy variable: <<<0,406>,1>,13>
fud slice cardinality: 3
<<< transer 0.000105863s
>>> slicer 
slice size: 25
slice variable: <<<1,16>,s>,1>
<<< slicer 0.000214804s
>>> searcher 
<<< searcher 0.0355278s
>>> transer 
fud: 37
fud slice size: 25
sized entropy label : 15.0289
sized conditional entropy: 1.94591
sized entropy decrease: 13.083
entropy variable: <<<0,308>,1>,23>
fud slice cardinality: 2
<<< transer 0.000106248s
>>> slicer 
slice size: 25
slice variable: <<<1,16>,s>,3>
<<< slicer 0.000219039s
>>> searcher 
<<< searcher 0.0466144s
>>> transer 
fud: 38
fud slice size: 25
sized entropy label : 14.2817
sized conditional entropy: 4.09434
sized entropy decrease: 10.1873
entropy variable: <<<0,2>,1>,5>
fud slice cardinality: 4
<<< transer 0.000143973s
>>> slicer 
slice size: 43
slice variable: <<<1,10>,s>,1>
<<< slicer 0.000285251s
>>> searcher 
<<< searcher 0.0454465s
>>> transer 
fud: 39
fud slice size: 43
sized entropy label : 14.2082
sized conditional entropy: 4.35671
sized entropy decrease: 9.85147
entropy variable: <<<0,406>,1>,24>
fud slice cardinality: 3
<<< transer 0.000103552s
>>> slicer 
slice size: 22
slice variable: <<<1,15>,s>,3>
<<< slicer 0.000224813s
>>> searcher 
<<< searcher 0.0346324s
>>> transer 
fud: 40
fud slice size: 22
sized entropy label : 13.5798
sized conditional entropy: 1.79176
sized entropy decrease: 11.7881
entropy variable: <<<0,705>,1>,2>
fud slice cardinality: 3
<<< transer 0.000108942s
>>> slicer 
slice size: 14
slice variable: <<<1,12>,s>,4>
<<< slicer 0.000227892s
>>> searcher 
<<< searcher 0.0379934s
>>> transer 
fud: 41
fud slice size: 14
sized entropy label : 13.1313
sized conditional entropy: 3.17805
sized entropy decrease: 9.95328
entropy variable: <<<0,2>,1>,20>
fud slice cardinality: 4
<<< transer 0.000147437s
>>> slicer 
slice size: 14
slice variable: <<<1,5>,s>,2>
<<< slicer 0.000310273s
>>> searcher 
<<< searcher 0.039686s
>>> transer 
fud: 42
fud slice size: 14
sized entropy label : 13.1313
sized conditional entropy: 1.94591
sized entropy decrease: 11.1854
entropy variable: <<<0,270>,2>,11>
fud slice cardinality: 3
<<< transer 0.000110482s
>>> slicer 
slice size: 23
slice variable: <<<1,20>,s>,2>
<<< slicer 0.000239441s
>>> searcher 
<<< searcher 0.0456948s
>>> transer 
fud: 43
fud slice size: 23
sized entropy label : 12.2668
sized conditional entropy: 4.33073
sized entropy decrease: 7.93606
entropy variable: <<<0,938>,2>,19>
fud slice cardinality: 3
<<< transer 0.000135504s
>>> slicer 
slice size: 14
slice variable: <<<1,14>,s>,3>
<<< slicer 0.000322976s
>>> searcher 
<<< searcher 0.0423053s
>>> transer 
fud: 44
fud slice size: 14
sized entropy label : 11.6962
sized conditional entropy: 1.79176
sized entropy decrease: 9.90449
entropy variable: <<<0,499>,1>,20>
fud slice cardinality: 3
<<< transer 0.000113561s
>>> slicer 
slice size: 14
slice variable: <<<1,13>,s>,3>
<<< slicer 0.000249065s
>>> searcher 
<<< searcher 0.0336188s
>>> transer 
fud: 45
fud slice size: 14
sized entropy label : 11.6962
sized conditional entropy: 3.17805
sized entropy decrease: 8.51819
entropy variable: <<<0,22>,1>,18>
fud slice cardinality: 4
<<< transer 0.000112021s
>>> slicer 
slice size: 13
slice variable: <<<1,12>,s>,3>
<<< slicer 0.00025561s
>>> searcher 
<<< searcher 0.0325567s
>>> transer 
fud: 46
fud slice size: 13
sized entropy label : 11.5421
sized conditional entropy: 2.99573
sized entropy decrease: 8.54636
entropy variable: <<<0,2>,1>,32>
fud slice cardinality: 4
<<< transer 0.000113562s
>>> slicer 
slice size: 12
slice variable: <<<1,12>,s>,2>
<<< slicer 0.000258304s
>>> searcher 
<<< searcher 0.0317056s
>>> transer 
fud: 47
fud slice size: 12
sized entropy label : 10.9231
sized conditional entropy: 3.17805
sized entropy decrease: 7.745
entropy variable: <<<0,312>,2>,4>
fud slice cardinality: 3
<<< transer 0.000103168s
>>> slicer 
slice size: 10
slice variable: <<<1,14>,s>,2>
<<< slicer 0.000261769s
>>> searcher 
<<< searcher 0.0368358s
>>> transer 
fud: 48
fud slice size: 10
sized entropy label : 9.84692
sized conditional entropy: 2.70805
sized entropy decrease: 7.13887
entropy variable: <<<0,72>,1>,33>
fud slice cardinality: 3
<<< transer 0.000143588s
>>> slicer 
slice size: 10
slice variable: <<<1,11>,s>,3>
<<< slicer 0.000349923s
>>> searcher 
<<< searcher 0.0347625s
>>> transer 
fud: 49
fud slice size: 10
sized entropy label : 9.62377
sized conditional entropy: 2.48491
sized entropy decrease: 7.13887
entropy variable: <<<0,24>,1>,25>
fud slice cardinality: 3
<<< transer 0.000113562s
>>> slicer 
slice size: 15
slice variable: <<<1,22>,s>,2>
<<< slicer 0.000274857s
>>> searcher 
<<< searcher 0.0366157s
>>> transer 
fud: 50
fud slice size: 15
sized entropy label : 9.6168
sized conditional entropy: 1.38629
sized entropy decrease: 8.23051
entropy variable: <<<0,320>,1>,8>
fud slice cardinality: 3
<<< transer 0.000104708s
>>> slicer 
slice size: 10
slice variable: <<<1,17>,s>,2>
<<< slicer 0.000274472s
>>> searcher 
<<< searcher 0.03673s
>>> transer 
fud: 51
fud slice size: 10
sized entropy label : 9.44145
sized conditional entropy: 2.19722
sized entropy decrease: 7.24423
entropy variable: <<<0,33>,1>,6>
fud slice cardinality: 3
<<< transer 0.000107787s
>>> slicer 
slice size: 24
slice variable: <<<1,25>,s>,1>
<<< slicer 0.000275626s
>>> searcher 
<<< searcher 0.0351478s
>>> transer 
fud: 52
fud slice size: 24
sized entropy label : 9.40459
sized conditional entropy: 2.48491
sized entropy decrease: 6.91968
entropy variable: <<<0,138>,1>,1>
fud slice cardinality: 3
<<< transer 0.000115871s
>>> slicer 
slice size: 24
slice variable: <<<1,19>,s>,1>
<<< slicer 0.000277552s
>>> searcher 
<<< searcher 0.0386655s
>>> transer 
fud: 53
fud slice size: 24
sized entropy label : 9.40459
sized conditional entropy: 2.63906
sized entropy decrease: 6.76553
entropy variable: <<<0,815>,1>,16>
fud slice cardinality: 3
<<< transer 0.000144358s
>>> slicer 
slice size: 56
slice variable: <<<1,21>,s>,1>
<<< slicer 0.00037456s
>>> searcher 
<<< searcher 0.0495162s
>>> transer 
fud: 54
fud slice size: 56
sized entropy label : 8.03268
sized conditional entropy: 0.693147
sized entropy decrease: 7.33954
entropy variable: <<<0,34>,1>,30>
fud slice cardinality: 3
<<< transer 0.000132809s
>>> slicer 
slice size: 8
slice variable: <<<1,10>,s>,3>
<<< slicer 0.000374561s
>>> searcher 
<<< searcher 0.0411639s
>>> transer 
fud: 55
fud slice size: 8
sized entropy label : 7.42655
sized conditional entropy: 1.38629
sized entropy decrease: 6.04025
entropy variable: <<<0,256>,1>,7>
fud slice cardinality: 3
<<< transer 0.000152057s
>>> slicer 
slice size: 7
slice variable: <<<1,31>,s>,1>
<<< slicer 0.000406897s
>>> searcher 
<<< searcher 0.037272s
>>> transer 
fud: 56
fud slice size: 7
sized entropy label : 7.13887
sized conditional entropy: 1.79176
sized entropy decrease: 5.34711
entropy variable: <<<0,132>,1>,1>
fud slice cardinality: 3
<<< transer 0.000142433s
>>> slicer 
slice size: 33
slice variable: <<<1,29>,s>,3>
<<< slicer 0.000389958s
>>> searcher 
<<< searcher 0.0464693s
>>> transer 
fud: 57
fud slice size: 33
sized entropy label : 6.96224
sized conditional entropy: 1.09861
sized entropy decrease: 5.86363
entropy variable: <<<0,73>,1>,15>
fud slice cardinality: 3
<<< transer 0.000102012s
>>> slicer 
slice size: 11
slice variable: <<<1,17>,s>,1>
<<< slicer 0.000304114s
>>> searcher 
<<< searcher 0.0328s
>>> transer 
fud: 58
fud slice size: 11
sized entropy label : 6.8977
sized conditional entropy: 1.79176
sized entropy decrease: 5.10595
entropy variable: <<<0,462>,1>,6>
fud slice cardinality: 3
<<< transer 0.00012357s
>>> slicer 
slice size: 31
slice variable: <<<1,23>,s>,1>
<<< slicer 0.000304498s
>>> searcher 
<<< searcher 0.0433181s
>>> transer 
fud: 59
fud slice size: 31
sized entropy label : 6.83518
sized conditional entropy: 0.693147
sized entropy decrease: 6.14204
entropy variable: <<<0,23>,1>,22>
fud slice cardinality: 3
<<< transer 0.000108942s
>>> slicer 
slice size: 7
slice variable: <<<1,19>,s>,2>
<<< slicer 0.000305653s
>>> searcher 
<<< searcher 0.0318341s
>>> transer 
fud: 60
fud slice size: 7
sized entropy label : 6.7334
sized conditional entropy: 1.79176
sized entropy decrease: 4.94164
entropy variable: <<<0,61>,1>,33>
fud slice cardinality: 3
<<< transer 0.000102398s
>>> slicer 
slice size: 8
slice variable: <<<1,20>,s>,1>
<<< slicer 0.000311043s
>>> searcher 
<<< searcher 0.0399259s
>>> transer 
fud: 61
fud slice size: 8
sized entropy label : 6.7334
sized conditional entropy: 0.693147
sized entropy decrease: 6.04025
entropy variable: <<<0,422>,1>,20>
fud slice cardinality: 3
<<< transer 0.000147053s
>>> slicer 
slice size: 8
slice variable: <<<1,19>,s>,3>
<<< slicer 0.000318742s
>>> searcher 
<<< searcher 0.0321171s
>>> transer 
fud: 62
fud slice size: 8
sized entropy label : 6.7334
sized conditional entropy: 1.09861
sized entropy decrease: 5.63479
entropy variable: <<<0,22>,1>,15>
fud slice cardinality: 3
<<< transer 0.000143972s
>>> slicer 
slice size: 12
slice variable: <<<1,17>,s>,4>
<<< slicer 0.000426529s
>>> searcher 
<<< searcher 0.036432s
>>> transer 
fud: 63
fud slice size: 12
sized entropy label : 6.49224
sized conditional entropy: 0
sized entropy decrease: 6.49224
entropy variable: <<<0,78>,1>,6>
fud slice cardinality: 3
<<< transer 0.000105093s
>>> slicer 
slice size: 9
slice variable: <<<1,26>,s>,1>
<<< slicer 0.000326825s
>>> searcher 
<<< searcher 0.0325656s
>>> transer 
fud: 64
fud slice size: 9
sized entropy label : 6.22258
sized conditional entropy: 0.693147
sized entropy decrease: 5.52943
entropy variable: <<<0,237>,1>,26>
fud slice cardinality: 4
<<< transer 0.000112791s
>>> slicer 
slice size: 11
slice variable: <<<1,22>,s>,1>
<<< slicer 0.00032798s
>>> searcher 
<<< searcher 0.033372s
>>> transer 
fud: 65
fud slice size: 11
sized entropy label : 6.20456
sized conditional entropy: 1.09861
sized entropy decrease: 5.10595
entropy variable: <13,15>
fud slice cardinality: 2
<<< transer 0.000107402s
>>> slicer 
slice size: 7
slice variable: <<<1,32>,s>,3>
<<< slicer 0.000332215s
>>> searcher 
<<< searcher 0.0395509s
>>> transer 
fud: 66
fud slice size: 7
sized entropy label : 6.04025
sized conditional entropy: 0
sized entropy decrease: 6.04025
entropy variable: <<<0,107>,1>,31>
fud slice cardinality: 4
<<< transer 0.000113947s
>>> slicer 
slice size: 20
slice variable: <<<1,24>,s>,2>
<<< slicer 0.000344919s
>>> searcher 
<<< searcher 0.0341185s
>>> transer 
fud: 67
fud slice size: 20
sized entropy label : 5.94017
sized conditional entropy: 0
sized entropy decrease: 5.94017
entropy variable: <<<0,205>,1>,17>
fud slice cardinality: 4
<<< transer 0.000114332s
>>> slicer 
slice size: 10
slice variable: <<<1,15>,s>,2>
<<< slicer 0.000342994s
>>> searcher 
<<< searcher 0.0328366s
>>> transer 
fud: 68
fud slice size: 10
sized entropy label : 5.8861
sized conditional entropy: 0.693147
sized entropy decrease: 5.19296
entropy variable: <<<0,205>,1>,12>
fud slice cardinality: 4
<<< transer 0.000116257s
>>> slicer 
slice size: 6
slice variable: <<<1,23>,s>,2>
<<< slicer 0.000363781s
>>> searcher 
<<< searcher 0.0308741s
>>> transer 
fud: 69
fud slice size: 6
sized entropy label : 5.19296
sized conditional entropy: 0.693147
sized entropy decrease: 4.49981
entropy variable: <<<0,22>,1>,19>
fud slice cardinality: 4
<<< transer 0.000104708s
>>> slicer 
slice size: 8
slice variable: <<<1,30>,s>,1>
<<< slicer 0.000352618s
>>> searcher 
<<< searcher 0.0315335s
>>> transer 
fud: 70
fud slice size: 8
sized entropy label : 5.12396
sized conditional entropy: 0
sized entropy decrease: 5.12396
entropy variable: <<<0,201>,2>,11>
fud slice cardinality: 3
<<< transer 0.000116256s
>>> slicer 
slice size: 8
slice variable: <<<1,26>,s>,2>
<<< slicer 0.000355312s
>>> searcher 
<<< searcher 0.0326491s
>>> transer 
fud: 71
fud slice size: 8
sized entropy label : 5.12396
sized conditional entropy: 0
sized entropy decrease: 5.12396
entropy variable: <<<0,101>,1>,23>
fud slice cardinality: 3
<<< transer 0.000107402s
>>> slicer 
slice size: 8
slice variable: <<<1,28>,s>,3>
<<< slicer 0.000396503s
>>> searcher 
<<< searcher 0.0405861s
>>> transer 
fud: 72
fud slice size: 8
sized entropy label : 5.12396
sized conditional entropy: 0
sized entropy decrease: 5.12396
entropy variable: <<<0,72>,1>,35>
fud slice cardinality: 3
<<< transer 0.000142818s
>>> slicer 
slice size: 6
slice variable: <<<1,33>,s>,1>
<<< slicer 0.000480037s
>>> searcher 
<<< searcher 0.0365044s
>>> transer 
fud: 73
fud slice size: 6
sized entropy label : 4.78749
sized conditional entropy: 0.693147
sized entropy decrease: 4.09434
entropy variable: <<<0,85>,1>,9>
fud slice cardinality: 3
<<< transer 0.000137429s
>>> slicer 
slice size: 5
slice variable: <<<1,23>,s>,3>
<<< slicer 0.000427684s
>>> searcher 
<<< searcher 0.0317529s
>>> transer 
fud: 74
fud slice size: 5
sized entropy label : 4.78749
sized conditional entropy: 0.693147
sized entropy decrease: 4.09434
entropy variable: <<<0,2>,1>,20>
fud slice cardinality: 4
<<< transer 0.000115486s
>>> slicer 
slice size: 10
slice variable: <<<1,13>,s>,4>
<<< slicer 0.000378794s
>>> searcher 
<<< searcher 0.0322022s
>>> transer 
fud: 75
fud slice size: 10
sized entropy label : 4.49981
sized conditional entropy: 0
sized entropy decrease: 4.49981
entropy variable: <<<0,22>,1>,3>
fud slice cardinality: 3
<<< transer 0.000107787s
>>> slicer 
slice size: 6
slice variable: <<<1,25>,s>,3>
<<< slicer 0.000377255s
>>> searcher 
<<< searcher 0.0326564s
>>> transer 
fud: 76
fud slice size: 6
sized entropy label : 4.09434
sized conditional entropy: 0
sized entropy decrease: 4.09434
entropy variable: <<<0,6>,1>,7>
fud slice cardinality: 3
<<< transer 0.000102783s
>>> slicer 
slice size: 5
slice variable: <<<1,38>,s>,3>
<<< slicer 0.000382644s
>>> searcher 
<<< searcher 0.0363535s
>>> transer 
fud: 77
fud slice size: 5
sized entropy label : 4.09434
sized conditional entropy: 0.693147
sized entropy decrease: 3.4012
entropy variable: <<<0,20>,1>,9>
fud slice cardinality: 3
<<< transer 0.000144357s
>>> slicer 
slice size: 8
slice variable: <<<1,18>,s>,1>
<<< slicer 0.000507369s
>>> searcher 
<<< searcher 0.0333486s
>>> transer 
fud: 78
fud slice size: 8
sized entropy label : 4.02535
sized conditional entropy: 0
sized entropy decrease: 4.02535
entropy variable: <7,16>
fud slice cardinality: 2
<<< transer 0.000102398s
>>> slicer 
slice size: 8
slice variable: <<<1,35>,s>,1>
<<< slicer 0.000385724s
>>> searcher 
<<< searcher 0.0310731s
>>> transer 
fud: 79
fud slice size: 8
sized entropy label : 4.02535
sized conditional entropy: 0
sized entropy decrease: 4.02535
entropy variable: <<<0,639>,1>,1>
fud slice cardinality: 3
<<< transer 0.000100089s
>>> slicer 
slice size: 45
slice variable: <<<1,24>,s>,4>
<<< slicer 0.000389958s
>>> searcher 
<<< searcher 0.0382367s
>>> transer 
fud: 80
fud slice size: 45
sized entropy label : 3.80666
sized conditional entropy: 0
sized entropy decrease: 3.80666
entropy variable: <14,15>
fud slice cardinality: 2
<<< transer 0.000108941s
>>> slicer 
slice size: 7
slice variable: <<<1,28>,s>,1>
<<< slicer 0.000391883s
>>> searcher 
<<< searcher 0.0308733s
>>> transer 
fud: 81
fud slice size: 7
sized entropy label : 3.73767
sized conditional entropy: 0
sized entropy decrease: 3.73767
entropy variable: <<<0,119>,1>,1>
fud slice cardinality: 3
<<< transer 0.000101243s
>>> slicer 
slice size: 7
slice variable: <<<1,24>,s>,3>
<<< slicer 0.000403047s
>>> searcher 
<<< searcher 0.0312236s
>>> transer 
fud: 82
fud slice size: 7
sized entropy label : 3.73767
sized conditional entropy: 0
sized entropy decrease: 3.73767
entropy variable: <<<0,65>,2>,5>
fud slice cardinality: 3
<<< transer 0.000108172s
>>> slicer 
slice size: 7
slice variable: <<<1,22>,s>,3>
<<< slicer 0.000413055s
>>> searcher 
<<< searcher 0.0302882s
>>> transer 
fud: 83
fud slice size: 7
sized entropy label : 3.73767
sized conditional entropy: 0
sized entropy decrease: 3.73767
entropy variable: <<<0,1>,1>,12>
fud slice cardinality: 3
<<< transer 0.000106633s
>>> slicer 
slice size: 39
slice variable: <<<1,39>,s>,1>
<<< slicer 0.000403432s
>>> searcher 
<<< searcher 0.037732s
>>> transer 
fud: 84
fud slice size: 39
sized entropy label : 3.66356
sized conditional entropy: 0
sized entropy decrease: 3.66356
entropy variable: <8,20>
fud slice cardinality: 2
<<< transer 9.6623e-05s
>>> slicer 
slice size: 32
slice variable: <<<1,27>,s>,1>
<<< slicer 0.000404972s
>>> searcher 
<<< searcher 0.0358631s
>>> transer 
fud: 85
fud slice size: 32
sized entropy label : 3.46574
sized conditional entropy: 0
sized entropy decrease: 3.46574
entropy variable: <14,12>
fud slice cardinality: 2
<<< transer 0.000103167s
>>> slicer 
slice size: 5
slice variable: <<<1,27>,s>,3>
<<< slicer 0.000406126s
>>> searcher 
<<< searcher 0.0309014s
>>> transer 
fud: 86
fud slice size: 5
sized entropy label : 3.4012
sized conditional entropy: 0
sized entropy decrease: 3.4012
entropy variable: <<<0,1>,1>,12>
fud slice cardinality: 3
<<< transer 0.000100858s
>>> slicer 
slice size: 8
slice variable: <<<1,28>,s>,2>
<<< slicer 0.00041267s
>>> searcher 
<<< searcher 0.0384507s
>>> transer 
fud: 87
fud slice size: 8
sized entropy label : 3.3322
sized conditional entropy: 0
sized entropy decrease: 3.3322
entropy variable: <6,10>
fud slice cardinality: 2
<<< transer 0.000133964s
>>> slicer 
slice size: 23
slice variable: <<<1,31>,s>,3>
<<< slicer 0.000573581s
>>> searcher 
<<< searcher 0.03633s
>>> transer 
fud: 88
fud slice size: 23
sized entropy label : 3.13549
sized conditional entropy: 0
sized entropy decrease: 3.13549
entropy variable: <6,23>
fud slice cardinality: 2
<<< transer 0.000122416s
>>> slicer 
slice size: 21
slice variable: <<<1,33>,s>,2>
<<< slicer 0.000543555s
>>> searcher 
<<< searcher 0.0366364s
>>> transer 
fud: 89
fud slice size: 21
sized entropy label : 3.04452
sized conditional entropy: 0
sized entropy decrease: 3.04452
entropy variable: <9,24>
fud slice cardinality: 2
<<< transer 0.000102398s
>>> slicer 
slice size: 5
slice variable: <<<1,46>,s>,1>
<<< slicer 0.0004196s
>>> searcher 
<<< searcher 0.0355101s
>>> transer 
fud: 90
fud slice size: 5
sized entropy label : 2.99573
sized conditional entropy: 0
sized entropy decrease: 2.99573
entropy variable: <<<0,54>,1>,11>
fud slice cardinality: 3
<<< transer 0.000112407s
>>> slicer 
slice size: 5
slice variable: <<<1,18>,s>,3>
<<< slicer 0.000429223s
>>> searcher 
<<< searcher 0.0297519s
>>> transer 
fud: 91
fud slice size: 5
sized entropy label : 2.99573
sized conditional entropy: 0
sized entropy decrease: 2.99573
entropy variable: <<<0,35>,1>,27>
fud slice cardinality: 3
<<< transer 0.000102013s
>>> slicer 
slice size: 19
slice variable: <<<1,43>,s>,1>
<<< slicer 0.000430763s
>>> searcher 
<<< searcher 0.0427006s
>>> transer 
fud: 92
fud slice size: 19
sized entropy label : 2.94444
sized conditional entropy: 0
sized entropy decrease: 2.94444
entropy variable: <<<0,11>,s>,4>
fud slice cardinality: 2
<<< transer 0.000137814s
>>> slicer 
slice size: 19
slice variable: <<<1,30>,s>,2>
<<< slicer 0.000561647s
>>> searcher 
<<< searcher 0.0378032s
>>> transer 
fud: 93
fud slice size: 19
sized entropy label : 2.94444
sized conditional entropy: 0
sized entropy decrease: 2.94444
entropy variable: <<<0,141>,1>,30>
fud slice cardinality: 2
<<< transer 0.000102397s
>>> slicer 
slice size: 6
slice variable: <<<1,34>,s>,4>
<<< slicer 0.00053778s
>>> searcher 
<<< searcher 0.0317741s
>>> transer 
fud: 94
fud slice size: 6
sized entropy label : 2.70805
sized conditional entropy: 0
sized entropy decrease: 2.70805
entropy variable: <9,12>
fud slice cardinality: 2
<<< transer 0.000102013s
>>> slicer 
slice size: 14
slice variable: <<<1,32>,s>,2>
<<< slicer 0.000434613s
>>> searcher 
<<< searcher 0.0385589s
>>> transer 
fud: 95
fud slice size: 14
sized entropy label : 2.63906
sized conditional entropy: 0
sized entropy decrease: 2.63906
entropy variable: <7,19>
fud slice cardinality: 2
<<< transer 0.000126265s
>>> slicer 
slice size: 4
slice variable: <<<1,52>,s>,1>
<<< slicer 0.000578201s
>>> searcher 
<<< searcher 0.0393735s
>>> transer 
fud: 96
fud slice size: 4
sized entropy label : 2.48491
sized conditional entropy: 0
sized entropy decrease: 2.48491
entropy variable: <<<0,6>,1>,6>
fud slice cardinality: 3
<<< transer 0.000138968s
>>> slicer 
slice size: 4
slice variable: <<<1,49>,s>,3>
<<< slicer 0.000586669s
>>> searcher 
<<< searcher 0.0384973s
>>> transer 
fud: 97
fud slice size: 4
sized entropy label : 2.48491
sized conditional entropy: 0
sized entropy decrease: 2.48491
entropy variable: <<<0,11>,1>,4>
fud slice cardinality: 3
<<< transer 0.000133194s
>>> slicer 
slice size: 4
slice variable: <<<1,45>,s>,1>
<<< slicer 0.00058667s
>>> searcher 
<<< searcher 0.0401107s
>>> transer 
fud: 98
fud slice size: 4
sized entropy label : 2.48491
sized conditional entropy: 0
sized entropy decrease: 2.48491
entropy variable: <<<0,56>,1>,16>
fud slice cardinality: 3
<<< transer 0.000140508s
>>> slicer 
slice size: 4
slice variable: <<<1,41>,s>,4>
<<< slicer 0.000583975s
>>> searcher 
<<< searcher 0.0337077s
>>> transer 
fud: 99
fud slice size: 4
sized entropy label : 2.48491
sized conditional entropy: 0
sized entropy decrease: 2.48491
entropy variable: <<<0,36>,1>,20>
fud slice cardinality: 3
<<< transer 0.000107787s
>>> slicer 
slice size: 4
slice variable: <<<1,27>,s>,2>
<<< slicer 0.000451551s
>>> searcher 
<<< searcher 0.0313583s
>>> transer 
fud: 100
fud slice size: 4
sized entropy label : 2.48491
sized conditional entropy: 0
sized entropy decrease: 2.48491
entropy variable: <<<0,13>,1>,15>
fud slice cardinality: 3
<<< transer 0.00012357s
>>> slicer 
slice size: 4
slice variable: <<<1,21>,s>,3>
<<< slicer 0.000452705s
>>> searcher 
<<< searcher 0.0302327s
>>> transer 
fud: 101
fud slice size: 4
sized entropy label : 2.48491
sized conditional entropy: 0
sized entropy decrease: 2.48491
entropy variable: <<<0,13>,1>,17>
fud slice cardinality: 3
<<< transer 0.000108556s
>>> slicer 
slice size: 12
slice variable: <<<1,36>,s>,1>
<<< slicer 0.000457325s
>>> searcher 
<<< searcher 0.0337951s
>>> transer 
fud: 102
fud slice size: 12
sized entropy label : 2.48491
sized conditional entropy: 0
sized entropy decrease: 2.48491
entropy variable: <14,15>
fud slice cardinality: 2
<<< transer 0.000135889s
>>> slicer 
slice size: 9
slice variable: <<<1,13>,s>,2>
<<< slicer 0.000607457s
>>> searcher 
<<< searcher 0.0350739s
>>> transer 
fud: 103
fud slice size: 9
sized entropy label : 2.19722
sized conditional entropy: 0
sized entropy decrease: 2.19722
entropy variable: <7,12>
fud slice cardinality: 2
<<< transer 0.000206335s
>>> slicer 
slice size: 8
slice variable: <<<1,17>,s>,3>
<<< slicer 0.000465794s
>>> searcher 
<<< searcher 0.0323758s
>>> transer 
fud: 104
fud slice size: 8
sized entropy label : 2.07944
sized conditional entropy: 0
sized entropy decrease: 2.07944
entropy variable: <5,15>
fud slice cardinality: 2
<<< transer 0.000108557s
>>> slicer 
slice size: 7
slice variable: <<<1,53>,s>,3>
<<< slicer 0.000491201s
>>> searcher 
<<< searcher 0.0342132s
>>> transer 
fud: 105
fud slice size: 7
sized entropy label : 1.94591
sized conditional entropy: 0
sized entropy decrease: 1.94591
entropy variable: <5,15>
fud slice cardinality: 2
<<< transer 9.5469e-05s
>>> slicer 
slice size: 7
slice variable: <<<1,42>,s>,2>
<<< slicer 0.000473108s
>>> searcher 
<<< searcher 0.0312159s
>>> transer 
fud: 106
fud slice size: 7
sized entropy label : 1.94591
sized conditional entropy: 0
sized entropy decrease: 1.94591
entropy variable: <6,12>
fud slice cardinality: 2
<<< transer 0.000101243s
>>> slicer 
slice size: 7
slice variable: <<<1,37>,s>,2>
<<< slicer 0.000469259s
>>> searcher 
<<< searcher 0.0299132s
>>> transer 
fud: 107
fud slice size: 7
sized entropy label : 1.94591
sized conditional entropy: 0
sized entropy decrease: 1.94591
entropy variable: <7,17>
fud slice cardinality: 2
<<< transer 0.000100858s
>>> slicer 
slice size: 4
slice variable: <<<1,47>,s>,2>
<<< slicer 0.000471568s
>>> searcher 
<<< searcher 0.0310723s
>>> transer 
fud: 108
fud slice size: 4
sized entropy label : 1.79176
sized conditional entropy: 0
sized entropy decrease: 1.79176
entropy variable: <8,21>
fud slice cardinality: 2
<<< transer 9.7008e-05s
>>> slicer 
slice size: 3
slice variable: <<<1,60>,s>,1>
<<< slicer 0.000472724s
>>> searcher 
<<< searcher 0.0295267s
>>> transer 
fud: 109
fud slice size: 3
sized entropy label : 1.79176
sized conditional entropy: 0
sized entropy decrease: 1.79176
entropy variable: <<<0,6>,1>,6>
fud slice cardinality: 3
<<< transer 0.000105092s
>>> slicer 
slice size: 3
slice variable: <<<1,58>,s>,2>
<<< slicer 0.000466179s
>>> searcher 
<<< searcher 0.0293366s
>>> transer 
fud: 110
fud slice size: 3
sized entropy label : 1.79176
sized conditional entropy: 0
sized entropy decrease: 1.79176
entropy variable: <<<0,6>,1>,6>
fud slice cardinality: 3
<<< transer 0.000101628s
>>> slicer 
slice size: 3
slice variable: <<<1,44>,s>,2>
<<< slicer 0.000475418s
>>> searcher 
<<< searcher 0.0308748s
>>> transer 
fud: 111
fud slice size: 3
sized entropy label : 1.79176
sized conditional entropy: 0
sized entropy decrease: 1.79176
entropy variable: <<<0,2>,1>,20>
fud slice cardinality: 4
<<< transer 0.000144742s
>>> slicer 
slice size: 3
slice variable: <<<1,34>,s>,2>
<<< slicer 0.000654037s
>>> searcher 
<<< searcher 0.034764s
>>> transer 
fud: 112
fud slice size: 3
sized entropy label : 1.79176
sized conditional entropy: 0
sized entropy decrease: 1.79176
entropy variable: <<<0,1>,1>,13>
fud slice cardinality: 3
<<< transer 9.8163e-05s
>>> slicer 
slice size: 3
slice variable: <<<1,16>,s>,2>
<<< slicer 0.000487736s
>>> searcher 
<<< searcher 0.0323896s
>>> transer 
fud: 113
fud slice size: 3
sized entropy label : 1.79176
sized conditional entropy: 0
sized entropy decrease: 1.79176
entropy variable: <<<0,9>,1>,6>
fud slice cardinality: 3
<<< transer 0.000139353s
>>> slicer 
slice size: 5
slice variable: <<<1,48>,s>,1>
<<< slicer 0.000662506s
>>> searcher 
<<< searcher 0.0338655s
>>> transer 
fud: 114
fud slice size: 5
sized entropy label : 1.60944
sized conditional entropy: 0
sized entropy decrease: 1.60944
entropy variable: <6,19>
fud slice cardinality: 2
<<< transer 0.000155907s
>>> slicer 
slice size: 4
slice variable: <<<1,55>,s>,2>
<<< slicer 0.000493511s
>>> searcher 
<<< searcher 0.0292646s
>>> transer 
fud: 115
fud slice size: 4
sized entropy label : 1.38629
sized conditional entropy: 0
sized entropy decrease: 1.38629
entropy variable: <4,21>
fud slice cardinality: 2
<<< transer 0.000104322s
>>> slicer 
slice size: 4
slice variable: <<<1,50>,s>,3>
<<< slicer 0.000509294s
>>> searcher 
<<< searcher 0.0306858s
>>> transer 
fud: 116
fud slice size: 4
sized entropy label : 1.38629
sized conditional entropy: 0
sized entropy decrease: 1.38629
entropy variable: <6,9>
fud slice cardinality: 2
<<< transer 9.3544e-05s
>>> slicer 
slice size: 4
slice variable: <<<1,47>,s>,1>
<<< slicer 0.000506214s
>>> searcher 
<<< searcher 0.0296711s
>>> transer 
fud: 117
fud slice size: 4
sized entropy label : 1.38629
sized conditional entropy: 0
sized entropy decrease: 1.38629
entropy variable: <6,15>
fud slice cardinality: 2
<<< transer 0.000110867s
>>> slicer 
slice size: 4
slice variable: <<<1,29>,s>,2>
<<< slicer 0.000519302s
>>> searcher 
<<< searcher 0.0296076s
>>> transer 
fud: 118
fud slice size: 4
sized entropy label : 1.38629
sized conditional entropy: 0
sized entropy decrease: 1.38629
entropy variable: <6,13>
fud slice cardinality: 2
<<< transer 9.5854e-05s
>>> slicer 
slice size: 4
slice variable: <<<1,29>,s>,1>
<<< slicer 0.000508524s
>>> searcher 
<<< searcher 0.0298462s
>>> transer 
fud: 119
fud slice size: 4
sized entropy label : 1.38629
sized conditional entropy: 0
sized entropy decrease: 1.38629
entropy variable: <10,12>
fud slice cardinality: 2
<<< transer 0.000103552s
>>> slicer 
slice size: 4
slice variable: <<<1,25>,s>,2>
<<< slicer 0.000509294s
>>> searcher 
<<< searcher 0.03065s
>>> transer 
fud: 120
fud slice size: 4
sized entropy label : 1.38629
sized conditional entropy: 0
sized entropy decrease: 1.38629
entropy variable: <5,18>
fud slice cardinality: 2
<<< transer 9.8163e-05s
>>> slicer 
slice size: 4
slice variable: <<<1,21>,s>,4>
<<< slicer 0.000821107s
>>> searcher 
<<< searcher 0.0302697s
>>> transer 
fud: 121
fud slice size: 4
sized entropy label : 1.38629
sized conditional entropy: 0
sized entropy decrease: 1.38629
entropy variable: <6,13>
fud slice cardinality: 2
<<< transer 0.000101243s
>>> slicer 
slice size: 3
slice variable: <<<1,65>,s>,2>
<<< slicer 0.000513913s
>>> searcher 
<<< searcher 0.0289682s
>>> transer 
fud: 122
fud slice size: 3
sized entropy label : 1.09861
sized conditional entropy: 0
sized entropy decrease: 1.09861
entropy variable: <5,18>
fud slice cardinality: 2
<<< transer 9.2774e-05s
>>> slicer 
slice size: 3
slice variable: <<<1,62>,s>,3>
<<< slicer 0.000512374s
>>> searcher 
<<< searcher 0.0315193s
>>> transer 
fud: 123
fud slice size: 3
sized entropy label : 1.09861
sized conditional entropy: 0
sized entropy decrease: 1.09861
entropy variable: <4,15>
fud slice cardinality: 2
<<< transer 0.000134349s
>>> slicer 
slice size: 3
slice variable: <<<1,57>,s>,2>
<<< slicer 0.000689838s
>>> searcher 
<<< searcher 0.0352937s
>>> transer 
fud: 124
fud slice size: 3
sized entropy label : 1.09861
sized conditional entropy: 0
sized entropy decrease: 1.09861
entropy variable: <5,14>
fud slice cardinality: 2
<<< transer 9.7778e-05s
>>> slicer 
slice size: 3
slice variable: <<<1,56>,s>,1>
<<< slicer 0.000575891s
>>> searcher 
<<< searcher 0.0284758s
>>> transer 
fud: 125
fud slice size: 3
sized entropy label : 1.09861
sized conditional entropy: 0
sized entropy decrease: 1.09861
entropy variable: <7,13>
fud slice cardinality: 2
<<< transer 0.000101243s
>>> slicer 
slice size: 3
slice variable: <<<1,51>,s>,3>
<<< slicer 0.000542015s
>>> searcher 
<<< searcher 0.032313s
>>> transer 
fud: 126
fud slice size: 3
sized entropy label : 1.09861
sized conditional entropy: 0
sized entropy decrease: 1.09861
entropy variable: <6,13>
fud slice cardinality: 2
<<< transer 0.000124725s
>>> slicer 
slice size: 3
slice variable: <<<1,51>,s>,2>
<<< slicer 0.00070485s
>>> searcher 
<<< searcher 0.0353195s
>>> transer 
fud: 127
fud slice size: 3
sized entropy label : 1.09861
sized conditional entropy: 0
sized entropy decrease: 1.09861
entropy variable: <6,11>
fud slice cardinality: 2
<<< transer 0.000124725s
>>> slicer 
slice size: 3
slice variable: <<<1,48>,s>,2>
<<< slicer 0.000523922s
>>> searcher 
<<< searcher 0.0291314s
>>> transer 
fud: 128
fud slice size: 3
sized entropy label : 1.09861
sized conditional entropy: 0
sized entropy decrease: 1.09861
entropy variable: <7,11>
fud slice cardinality: 2
<<< transer 9.8933e-05s
>>> slicer 
slice size: 3
slice variable: <<<1,40>,s>,3>
<<< slicer 0.000518148s
>>> searcher 
<<< searcher 0.0295148s
>>> transer 
fud: 129
fud slice size: 3
sized entropy label : 1.09861
sized conditional entropy: 0
sized entropy decrease: 1.09861
entropy variable: <6,18>
fud slice cardinality: 2
<<< transer 9.2774e-05s
>>> slicer 
slice size: 3
slice variable: <<<1,34>,s>,3>
<<< slicer 0.000533546s
>>> searcher 
<<< searcher 0.028132s
>>> transer 
fud: 130
fud slice size: 3
sized entropy label : 1.09861
sized conditional entropy: 0
sized entropy decrease: 1.09861
entropy variable: <11,14>
fud slice cardinality: 2
<<< transer 0.000101243s
>>> slicer 
slice size: 3
slice variable: <<<1,33>,s>,3>
<<< slicer 0.000532776s
>>> searcher 
<<< searcher 0.0288777s
>>> transer 
fud: 131
fud slice size: 3
sized entropy label : 1.09861
sized conditional entropy: 0
sized entropy decrease: 1.09861
entropy variable: <4,17>
fud slice cardinality: 2
<<< transer 0.000126265s
>>> slicer 
slice size: 3
slice variable: <<<1,21>,s>,2>
<<< slicer 0.00070793s
>>> searcher 
<<< searcher 0.034826s
>>> transer 
fud: 132
fud slice size: 3
sized entropy label : 1.09861
sized conditional entropy: 0
sized entropy decrease: 1.09861
entropy variable: <7,17>
fud slice cardinality: 2
<<< transer 0.000100088s
>>> slicer 
slice size: 2
slice variable: <<<1,77>,s>,1>
<<< slicer 0.00053701s
>>> searcher 
<<< searcher 0.0271962s
>>> transer 
fud: 133
fud slice size: 2
sized entropy label : 0.693147
sized conditional entropy: 0
sized entropy decrease: 0.693147
entropy variable: <5,11>
fud slice cardinality: 2
<<< transer 9.2389e-05s
>>> slicer 
slice size: 2
slice variable: <<<1,74>,s>,1>
<<< slicer 0.000533161s
>>> searcher 
<<< searcher 0.0270946s
>>> transer 
fud: 134
fud slice size: 2
sized entropy label : 0.693147
sized conditional entropy: 0
sized entropy decrease: 0.693147
entropy variable: <6,13>
fud slice cardinality: 2
<<< transer 0.000101243s
>>> slicer 
slice size: 2
slice variable: <<<1,73>,s>,1>
<<< slicer 0.000537396s
>>> searcher 
<<< searcher 0.0271027s
>>> transer 
fud: 135
fud slice size: 2
sized entropy label : 0.693147
sized conditional entropy: 0
sized entropy decrease: 0.693147
entropy variable: <5,19>
fud slice cardinality: 2
<<< transer 9.0079e-05s
>>> slicer 
slice size: 2
slice variable: <<<1,69>,s>,2>
<<< slicer 0.000555488s
>>> searcher 
<<< searcher 0.0267077s
>>> transer 
fud: 136
fud slice size: 2
sized entropy label : 0.693147
sized conditional entropy: 0
sized entropy decrease: 0.693147
entropy variable: <8,18>
fud slice cardinality: 2
<<< transer 0.000100857s
>>> slicer 
slice size: 2
slice variable: <<<1,68>,s>,3>
<<< slicer 0.000567422s
>>> searcher 
<<< searcher 0.0280566s
>>> transer 
fud: 137
fud slice size: 2
sized entropy label : 0.693147
sized conditional entropy: 0
sized entropy decrease: 0.693147
entropy variable: <6,13>
fud slice cardinality: 2
<<< transer 9.4314e-05s
>>> slicer 
slice size: 2
slice variable: <<<1,64>,s>,2>
<<< slicer 0.000547404s
>>> searcher 
<<< searcher 0.026481s
>>> transer 
fud: 138
fud slice size: 2
sized entropy label : 0.693147
sized conditional entropy: 0
sized entropy decrease: 0.693147
entropy variable: <6,13>
fud slice cardinality: 2
<<< transer 9.2773e-05s
>>> slicer 
slice size: 2
slice variable: <<<1,61>,s>,1>
<<< slicer 0.000549329s
>>> searcher 
<<< searcher 0.0274826s
>>> transer 
fud: 139
fud slice size: 2
sized entropy label : 0.693147
sized conditional entropy: 0
sized entropy decrease: 0.693147
entropy variable: <4,12>
fud slice cardinality: 2
<<< transer 9.7393e-05s
>>> slicer 
slice size: 2
slice variable: <<<1,59>,s>,1>
<<< slicer 0.00070639s
>>> searcher 
<<< searcher 0.0354261s
>>> transer 
fud: 140
fud slice size: 2
sized entropy label : 0.693147
sized conditional entropy: 0
sized entropy decrease: 0.693147
entropy variable: <6,11>
fud slice cardinality: 2
<<< transer 0.000119721s
>>> slicer 
slice size: 2
slice variable: <<<1,56>,s>,2>
<<< slicer 0.00070716s
>>> searcher 
<<< searcher 0.0359408s
>>> transer 
fud: 141
fud slice size: 2
sized entropy label : 0.693147
sized conditional entropy: 0
sized entropy decrease: 0.693147
entropy variable: <4,14>
fud slice cardinality: 2
<<< transer 0.000136658s
>>> slicer 
slice size: 2
slice variable: <<<1,54>,s>,2>
<<< slicer 0.000756434s
>>> searcher 
<<< searcher 0.0322233s
>>> transer 
fud: 142
fud slice size: 2
sized entropy label : 0.693147
sized conditional entropy: 0
sized entropy decrease: 0.693147
entropy variable: <6,19>
fud slice cardinality: 2
<<< transer 9.1619e-05s
>>> slicer 
slice size: 2
slice variable: <<<1,53>,s>,1>
<<< slicer 0.00054856s
>>> searcher 
<<< searcher 0.0276039s
>>> transer 
fud: 143
fud slice size: 2
sized entropy label : 0.693147
sized conditional entropy: 0
sized entropy decrease: 0.693147
entropy variable: <5,7>
fud slice cardinality: 2
<<< transer 9.7393e-05s
>>> slicer 
slice size: 2
slice variable: <<<1,45>,s>,2>
<<< slicer 0.000557413s
>>> searcher 
<<< searcher 0.0270376s
>>> transer 
fud: 144
fud slice size: 2
sized entropy label : 0.693147
sized conditional entropy: 0
sized entropy decrease: 0.693147
entropy variable: <6,19>
fud slice cardinality: 2
<<< transer 9.6623e-05s
>>> slicer 
slice size: 2
slice variable: <<<1,43>,s>,3>
<<< slicer 0.000560878s
>>> searcher 
<<< searcher 0.0333081s
>>> transer 
fud: 145
fud slice size: 2
sized entropy label : 0.693147
sized conditional entropy: 0
sized entropy decrease: 0.693147
entropy variable: <6,15>
fud slice cardinality: 2
<<< transer 0.000135504s
>>> slicer 
slice size: 2
slice variable: <<<1,43>,s>,2>
<<< slicer 0.000767213s
>>> searcher 
<<< searcher 0.0327326s
>>> transer 
fud: 146
fud slice size: 2
sized entropy label : 0.693147
sized conditional entropy: 0
sized entropy decrease: 0.693147
entropy variable: <5,15>
fud slice cardinality: 2
<<< transer 9.1619e-05s
>>> slicer 
slice size: 2
slice variable: <<<1,41>,s>,3>
<<< slicer 0.000553948s
>>> searcher 
<<< searcher 0.0299852s
>>> transer 
fud: 147
fud slice size: 2
sized entropy label : 0.693147
sized conditional entropy: 0
sized entropy decrease: 0.693147
entropy variable: <7,14>
fud slice cardinality: 2
<<< transer 0.000132809s
>>> slicer 
slice size: 2
slice variable: <<<1,40>,s>,2>
<<< slicer 0.000765288s
>>> searcher 
<<< searcher 0.0355262s
>>> transer 
fud: 148
fud slice size: 2
sized entropy label : 0.693147
sized conditional entropy: 0
sized entropy decrease: 0.693147
entropy variable: <5,16>
fud slice cardinality: 2
<<< transer 9.7008e-05s
>>> slicer 
slice size: 2
slice variable: <<<1,39>,s>,3>
<<< slicer 0.000591674s
>>> searcher 
<<< searcher 0.0310207s
>>> transer 
fud: 149
fud slice size: 2
sized entropy label : 0.693147
sized conditional entropy: 0
sized entropy decrease: 0.693147
entropy variable: <4,9>
fud slice cardinality: 2
<<< transer 0.000102398s
>>> slicer 
slice size: 2
slice variable: <<<1,36>,s>,3>
<<< slicer 0.000617851s
>>> searcher 
<<< searcher 0.0276855s
>>> transer 
fud: 150
fud slice size: 2
sized entropy label : 0.693147
sized conditional entropy: 0
sized entropy decrease: 0.693147
entropy variable: <4,17>
fud slice cardinality: 2
<<< transer 9.0849e-05s
>>> slicer 
slice size: 2
slice variable: <<<1,34>,s>,1>
<<< slicer 0.000560493s
>>> searcher 
<<< searcher 0.0275954s
>>> transer 
fud: 151
fud slice size: 2
sized entropy label : 0.693147
sized conditional entropy: 0
sized entropy decrease: 0.693147
entropy variable: <6,19>
fud slice cardinality: 2
<<< transer 9.0849e-05s
>>> slicer 
no slices
<<< applicationer 5.93895s


